2025-07-14 09:28:58,259 [INFO] uvicorn.error: Started server process [7]
2025-07-14 09:28:58,259 [INFO] uvicorn.error: Waiting for application startup.
2025-07-14 09:28:58,259 [INFO] app.core.logging_config: Initializing application...
2025-07-14 09:28:58,259 [INFO] app.core.logging_config: Connecting to Redis...
2025-07-14 09:28:58,265 [INFO] app.core.logging_config: Redis connected successfully
2025-07-14 09:28:58,265 [INFO] app.core.logging_config: Verifying database connection...
2025-07-14 09:28:58,265 [INFO] app.core.logging_config: Session opened
2025-07-14 09:28:58,265 [INFO] app.core.logging_config: Database connection verified
2025-07-14 09:28:58,266 [INFO] uvicorn.error: Application startup complete.
2025-07-14 09:28:58,266 [INFO] app.core.logging_config: Session closed
2025-07-14 09:29:25,219 [INFO] app.core.logging_config: Session opened
2025-07-14 09:29:25,220 [INFO] app.handlers.tasks: Fetching all tasks
2025-07-14 09:29:25,220 [INFO] app.service.task: Fetching all tasks
2025-07-14 09:29:25,262 [INFO] sqlalchemy.engine.Engine: select pg_catalog.version()
2025-07-14 09:29:25,262 [INFO] sqlalchemy.engine.Engine: [raw sql] ()
2025-07-14 09:29:25,266 [INFO] sqlalchemy.engine.Engine: select current_schema()
2025-07-14 09:29:25,266 [INFO] sqlalchemy.engine.Engine: [raw sql] ()
2025-07-14 09:29:25,268 [INFO] sqlalchemy.engine.Engine: show standard_conforming_strings
2025-07-14 09:29:25,268 [INFO] sqlalchemy.engine.Engine: [raw sql] ()
2025-07-14 09:29:25,270 [INFO] sqlalchemy.engine.Engine: BEGIN (implicit)
2025-07-14 09:29:25,274 [INFO] sqlalchemy.engine.Engine: SELECT tasks.name, tasks.pomodoro_count, tasks.category_id, tasks.description, tasks.id, tasks.created_at, tasks.updated_at, tasks.is_deleted 
FROM tasks 
WHERE tasks.is_deleted IS false ORDER BY tasks.created_at DESC
2025-07-14 09:29:25,274 [INFO] sqlalchemy.engine.Engine: [generated in 0.00031s] ()
2025-07-14 09:29:25,279 [INFO] app.service.task: Fetched 0 tasks successfully
2025-07-14 09:29:25,279 [INFO] app.handlers.tasks: Fetched 0 tasks successfully
2025-07-14 09:29:25,279 [INFO] sqlalchemy.engine.Engine: ROLLBACK
2025-07-14 09:29:25,280 [INFO] app.core.logging_config: Session closed
2025-07-14 09:29:25,280 [INFO] uvicorn.access: 172.20.0.1:59298 - "GET /api/tasks HTTP/1.1" 200
2025-07-14 09:29:28,949 [INFO] app.core.logging_config: Session opened
2025-07-14 09:29:28,950 [INFO] app.handlers.tasks: Fetching all tasks
2025-07-14 09:29:28,950 [INFO] app.service.task: Fetching all tasks
2025-07-14 09:29:28,951 [INFO] sqlalchemy.engine.Engine: BEGIN (implicit)
2025-07-14 09:29:28,952 [INFO] sqlalchemy.engine.Engine: SELECT tasks.name, tasks.pomodoro_count, tasks.category_id, tasks.description, tasks.id, tasks.created_at, tasks.updated_at, tasks.is_deleted 
FROM tasks 
WHERE tasks.is_deleted IS false ORDER BY tasks.created_at DESC
2025-07-14 09:29:28,952 [INFO] sqlalchemy.engine.Engine: [cached since 3.679s ago] ()
2025-07-14 09:29:28,954 [INFO] app.service.task: Fetched 0 tasks successfully
2025-07-14 09:29:28,954 [INFO] app.handlers.tasks: Fetched 0 tasks successfully
2025-07-14 09:29:28,955 [INFO] sqlalchemy.engine.Engine: ROLLBACK
2025-07-14 09:29:28,956 [INFO] app.core.logging_config: Session closed
2025-07-14 09:29:28,956 [INFO] uvicorn.access: 172.20.0.1:59298 - "GET /api/tasks HTTP/1.1" 200
2025-07-14 09:29:29,370 [INFO] app.core.logging_config: Session opened
2025-07-14 09:29:29,371 [INFO] app.handlers.tasks: Fetching all tasks
2025-07-14 09:29:29,371 [INFO] app.service.task: Fetching all tasks
2025-07-14 09:29:29,372 [INFO] sqlalchemy.engine.Engine: BEGIN (implicit)
2025-07-14 09:29:29,372 [INFO] sqlalchemy.engine.Engine: SELECT tasks.name, tasks.pomodoro_count, tasks.category_id, tasks.description, tasks.id, tasks.created_at, tasks.updated_at, tasks.is_deleted 
FROM tasks 
WHERE tasks.is_deleted IS false ORDER BY tasks.created_at DESC
2025-07-14 09:29:29,372 [INFO] sqlalchemy.engine.Engine: [cached since 4.099s ago] ()
2025-07-14 09:29:29,373 [INFO] app.service.task: Fetched 0 tasks successfully
2025-07-14 09:29:29,373 [INFO] app.handlers.tasks: Fetched 0 tasks successfully
2025-07-14 09:29:29,373 [INFO] sqlalchemy.engine.Engine: ROLLBACK
2025-07-14 09:29:29,374 [INFO] app.core.logging_config: Session closed
2025-07-14 09:29:29,374 [INFO] uvicorn.access: 172.20.0.1:59298 - "GET /api/tasks HTTP/1.1" 200
2025-07-14 09:29:29,523 [INFO] app.core.logging_config: Session opened
2025-07-14 09:29:29,523 [INFO] app.handlers.tasks: Fetching all tasks
2025-07-14 09:29:29,523 [INFO] app.service.task: Fetching all tasks
2025-07-14 09:29:29,525 [INFO] sqlalchemy.engine.Engine: BEGIN (implicit)
2025-07-14 09:29:29,525 [INFO] sqlalchemy.engine.Engine: SELECT tasks.name, tasks.pomodoro_count, tasks.category_id, tasks.description, tasks.id, tasks.created_at, tasks.updated_at, tasks.is_deleted 
FROM tasks 
WHERE tasks.is_deleted IS false ORDER BY tasks.created_at DESC
2025-07-14 09:29:29,525 [INFO] sqlalchemy.engine.Engine: [cached since 4.251s ago] ()
2025-07-14 09:29:29,526 [INFO] app.service.task: Fetched 0 tasks successfully
2025-07-14 09:29:29,526 [INFO] app.handlers.tasks: Fetched 0 tasks successfully
2025-07-14 09:29:29,526 [INFO] sqlalchemy.engine.Engine: ROLLBACK
2025-07-14 09:29:29,527 [INFO] app.core.logging_config: Session closed
2025-07-14 09:29:29,527 [INFO] uvicorn.access: 172.20.0.1:59298 - "GET /api/tasks HTTP/1.1" 200
2025-07-14 09:29:29,659 [INFO] app.core.logging_config: Session opened
2025-07-14 09:29:29,659 [INFO] app.handlers.tasks: Fetching all tasks
2025-07-14 09:29:29,659 [INFO] app.service.task: Fetching all tasks
2025-07-14 09:29:29,660 [INFO] sqlalchemy.engine.Engine: BEGIN (implicit)
2025-07-14 09:29:29,661 [INFO] sqlalchemy.engine.Engine: SELECT tasks.name, tasks.pomodoro_count, tasks.category_id, tasks.description, tasks.id, tasks.created_at, tasks.updated_at, tasks.is_deleted 
FROM tasks 
WHERE tasks.is_deleted IS false ORDER BY tasks.created_at DESC
2025-07-14 09:29:29,661 [INFO] sqlalchemy.engine.Engine: [cached since 4.387s ago] ()
2025-07-14 09:29:29,662 [INFO] app.service.task: Fetched 0 tasks successfully
2025-07-14 09:29:29,662 [INFO] app.handlers.tasks: Fetched 0 tasks successfully
2025-07-14 09:29:29,662 [INFO] sqlalchemy.engine.Engine: ROLLBACK
2025-07-14 09:29:29,663 [INFO] app.core.logging_config: Session closed
2025-07-14 09:29:29,663 [INFO] uvicorn.access: 172.20.0.1:59298 - "GET /api/tasks HTTP/1.1" 200
2025-07-14 09:29:29,803 [INFO] app.core.logging_config: Session opened
2025-07-14 09:29:29,803 [INFO] app.handlers.tasks: Fetching all tasks
2025-07-14 09:29:29,803 [INFO] app.service.task: Fetching all tasks
2025-07-14 09:29:29,804 [INFO] sqlalchemy.engine.Engine: BEGIN (implicit)
2025-07-14 09:29:29,805 [INFO] sqlalchemy.engine.Engine: SELECT tasks.name, tasks.pomodoro_count, tasks.category_id, tasks.description, tasks.id, tasks.created_at, tasks.updated_at, tasks.is_deleted 
FROM tasks 
WHERE tasks.is_deleted IS false ORDER BY tasks.created_at DESC
2025-07-14 09:29:29,805 [INFO] sqlalchemy.engine.Engine: [cached since 4.531s ago] ()
2025-07-14 09:29:29,806 [INFO] app.service.task: Fetched 0 tasks successfully
2025-07-14 09:29:29,806 [INFO] app.handlers.tasks: Fetched 0 tasks successfully
2025-07-14 09:29:29,806 [INFO] sqlalchemy.engine.Engine: ROLLBACK
2025-07-14 09:29:29,806 [INFO] app.core.logging_config: Session closed
2025-07-14 09:29:29,807 [INFO] uvicorn.access: 172.20.0.1:59298 - "GET /api/tasks HTTP/1.1" 200
2025-07-14 09:29:35,090 [INFO] uvicorn.access: 172.20.0.1:48102 - "OPTIONS /api/tasks HTTP/1.1" 200
2025-07-14 09:29:35,095 [INFO] app.core.logging_config: Session opened
2025-07-14 09:29:35,097 [INFO] app.handlers.tasks: Creating task with data: name='nope' pomodoro_count=1 category_id=1 description=None
2025-07-14 09:29:35,098 [INFO] app.service.task: Creating task with data: {'name': 'nope', 'pomodoro_count': 1, 'category_id': 1, 'description': None}
2025-07-14 09:29:35,099 [INFO] sqlalchemy.engine.Engine: BEGIN (implicit)
2025-07-14 09:29:35,101 [INFO] sqlalchemy.engine.Engine: INSERT INTO tasks (name, pomodoro_count, category_id, description, is_deleted) VALUES ($1::VARCHAR, $2::INTEGER, $3::INTEGER, $4::VARCHAR, $5::BOOLEAN) RETURNING tasks.id, tasks.created_at, tasks.updated_at
2025-07-14 09:29:35,101 [INFO] sqlalchemy.engine.Engine: [generated in 0.00032s] ('nope', 1, 1, None, False)
2025-07-14 09:29:35,105 [INFO] sqlalchemy.engine.Engine: COMMIT
2025-07-14 09:29:35,107 [INFO] sqlalchemy.engine.Engine: BEGIN (implicit)
2025-07-14 09:29:35,109 [INFO] sqlalchemy.engine.Engine: SELECT tasks.name, tasks.pomodoro_count, tasks.category_id, tasks.description, tasks.id, tasks.created_at, tasks.updated_at, tasks.is_deleted 
FROM tasks 
WHERE tasks.id = $1::INTEGER
2025-07-14 09:29:35,109 [INFO] sqlalchemy.engine.Engine: [generated in 0.00029s] (42,)
2025-07-14 09:29:35,111 [INFO] app.service.task: Task created successfully with ID: 42
2025-07-14 09:29:35,112 [INFO] sqlalchemy.engine.Engine: ROLLBACK
2025-07-14 09:29:35,113 [INFO] app.core.logging_config: Session closed
2025-07-14 09:29:35,113 [INFO] uvicorn.access: 172.20.0.1:48116 - "POST /api/tasks HTTP/1.1" 201
2025-07-14 09:29:35,119 [INFO] app.core.logging_config: Session opened
2025-07-14 09:29:35,119 [INFO] app.handlers.tasks: Fetching all tasks
2025-07-14 09:29:35,119 [INFO] app.service.task: Fetching all tasks
2025-07-14 09:29:35,120 [INFO] sqlalchemy.engine.Engine: BEGIN (implicit)
2025-07-14 09:29:35,120 [INFO] sqlalchemy.engine.Engine: SELECT tasks.name, tasks.pomodoro_count, tasks.category_id, tasks.description, tasks.id, tasks.created_at, tasks.updated_at, tasks.is_deleted 
FROM tasks 
WHERE tasks.is_deleted IS false ORDER BY tasks.created_at DESC
2025-07-14 09:29:35,120 [INFO] sqlalchemy.engine.Engine: [cached since 9.847s ago] ()
2025-07-14 09:29:35,121 [INFO] app.service.task: Fetched 1 tasks successfully
2025-07-14 09:29:35,122 [INFO] app.handlers.tasks: Fetched 1 tasks successfully
2025-07-14 09:29:35,122 [INFO] sqlalchemy.engine.Engine: ROLLBACK
2025-07-14 09:29:35,122 [INFO] app.core.logging_config: Session closed
2025-07-14 09:29:35,123 [INFO] uvicorn.access: 172.20.0.1:48116 - "GET /api/tasks HTTP/1.1" 200
2025-07-14 09:29:53,755 [INFO] app.core.logging_config: Session opened
2025-07-14 09:29:53,755 [INFO] app.handlers.tasks: Creating task with data: name='Twoow' pomodoro_count=2 category_id=3 description='Description'
2025-07-14 09:29:53,755 [INFO] app.service.task: Creating task with data: {'name': 'Twoow', 'pomodoro_count': 2, 'category_id': 3, 'description': 'Description'}
2025-07-14 09:29:53,756 [INFO] sqlalchemy.engine.Engine: BEGIN (implicit)
2025-07-14 09:29:53,757 [INFO] sqlalchemy.engine.Engine: INSERT INTO tasks (name, pomodoro_count, category_id, description, is_deleted) VALUES ($1::VARCHAR, $2::INTEGER, $3::INTEGER, $4::VARCHAR, $5::BOOLEAN) RETURNING tasks.id, tasks.created_at, tasks.updated_at
2025-07-14 09:29:53,757 [INFO] sqlalchemy.engine.Engine: [cached since 18.66s ago] ('Twoow', 2, 3, 'Description', False)
2025-07-14 09:29:53,758 [INFO] sqlalchemy.engine.Engine: COMMIT
2025-07-14 09:29:53,765 [INFO] sqlalchemy.engine.Engine: BEGIN (implicit)
2025-07-14 09:29:53,766 [INFO] sqlalchemy.engine.Engine: SELECT tasks.name, tasks.pomodoro_count, tasks.category_id, tasks.description, tasks.id, tasks.created_at, tasks.updated_at, tasks.is_deleted 
FROM tasks 
WHERE tasks.id = $1::INTEGER
2025-07-14 09:29:53,766 [INFO] sqlalchemy.engine.Engine: [cached since 18.66s ago] (43,)
2025-07-14 09:29:53,767 [INFO] app.service.task: Task created successfully with ID: 43
2025-07-14 09:29:53,767 [INFO] sqlalchemy.engine.Engine: ROLLBACK
2025-07-14 09:29:53,767 [INFO] app.core.logging_config: Session closed
2025-07-14 09:29:53,768 [INFO] uvicorn.access: 172.20.0.1:35880 - "POST /api/tasks HTTP/1.1" 201
2025-07-14 09:29:53,772 [INFO] app.core.logging_config: Session opened
2025-07-14 09:29:53,772 [INFO] app.handlers.tasks: Fetching all tasks
2025-07-14 09:29:53,772 [INFO] app.service.task: Fetching all tasks
2025-07-14 09:29:53,773 [INFO] sqlalchemy.engine.Engine: BEGIN (implicit)
2025-07-14 09:29:53,773 [INFO] sqlalchemy.engine.Engine: SELECT tasks.name, tasks.pomodoro_count, tasks.category_id, tasks.description, tasks.id, tasks.created_at, tasks.updated_at, tasks.is_deleted 
FROM tasks 
WHERE tasks.is_deleted IS false ORDER BY tasks.created_at DESC
2025-07-14 09:29:53,773 [INFO] sqlalchemy.engine.Engine: [cached since 28.5s ago] ()
2025-07-14 09:29:53,774 [INFO] app.service.task: Fetched 2 tasks successfully
2025-07-14 09:29:53,774 [INFO] app.handlers.tasks: Fetched 2 tasks successfully
2025-07-14 09:29:53,775 [INFO] sqlalchemy.engine.Engine: ROLLBACK
2025-07-14 09:29:53,775 [INFO] app.core.logging_config: Session closed
2025-07-14 09:29:53,775 [INFO] uvicorn.access: 172.20.0.1:35880 - "GET /api/tasks HTTP/1.1" 200
2025-07-14 09:30:05,591 [INFO] app.core.logging_config: Session opened
2025-07-14 09:30:05,592 [INFO] app.handlers.tasks: Creating task with data: name='s2' pomodoro_count=1 category_id=1 description='no'
2025-07-14 09:30:05,592 [INFO] app.service.task: Creating task with data: {'name': 's2', 'pomodoro_count': 1, 'category_id': 1, 'description': 'no'}
2025-07-14 09:30:05,593 [INFO] sqlalchemy.engine.Engine: BEGIN (implicit)
2025-07-14 09:30:05,594 [INFO] sqlalchemy.engine.Engine: INSERT INTO tasks (name, pomodoro_count, category_id, description, is_deleted) VALUES ($1::VARCHAR, $2::INTEGER, $3::INTEGER, $4::VARCHAR, $5::BOOLEAN) RETURNING tasks.id, tasks.created_at, tasks.updated_at
2025-07-14 09:30:05,594 [INFO] sqlalchemy.engine.Engine: [cached since 30.49s ago] ('s2', 1, 1, 'no', False)
2025-07-14 09:30:05,595 [INFO] sqlalchemy.engine.Engine: COMMIT
2025-07-14 09:30:05,605 [INFO] sqlalchemy.engine.Engine: BEGIN (implicit)
2025-07-14 09:30:05,606 [INFO] sqlalchemy.engine.Engine: SELECT tasks.name, tasks.pomodoro_count, tasks.category_id, tasks.description, tasks.id, tasks.created_at, tasks.updated_at, tasks.is_deleted 
FROM tasks 
WHERE tasks.id = $1::INTEGER
2025-07-14 09:30:05,606 [INFO] sqlalchemy.engine.Engine: [cached since 30.5s ago] (44,)
2025-07-14 09:30:05,607 [INFO] app.service.task: Task created successfully with ID: 44
2025-07-14 09:30:05,608 [INFO] sqlalchemy.engine.Engine: ROLLBACK
2025-07-14 09:30:05,608 [INFO] app.core.logging_config: Session closed
2025-07-14 09:30:05,609 [INFO] uvicorn.access: 172.20.0.1:45562 - "POST /api/tasks HTTP/1.1" 201
2025-07-14 09:30:05,615 [INFO] app.core.logging_config: Session opened
2025-07-14 09:30:05,615 [INFO] app.handlers.tasks: Fetching all tasks
2025-07-14 09:30:05,615 [INFO] app.service.task: Fetching all tasks
2025-07-14 09:30:05,616 [INFO] sqlalchemy.engine.Engine: BEGIN (implicit)
2025-07-14 09:30:05,616 [INFO] sqlalchemy.engine.Engine: SELECT tasks.name, tasks.pomodoro_count, tasks.category_id, tasks.description, tasks.id, tasks.created_at, tasks.updated_at, tasks.is_deleted 
FROM tasks 
WHERE tasks.is_deleted IS false ORDER BY tasks.created_at DESC
2025-07-14 09:30:05,616 [INFO] sqlalchemy.engine.Engine: [cached since 40.34s ago] ()
2025-07-14 09:30:05,617 [INFO] app.service.task: Fetched 3 tasks successfully
2025-07-14 09:30:05,618 [INFO] app.handlers.tasks: Fetched 3 tasks successfully
2025-07-14 09:30:05,618 [INFO] sqlalchemy.engine.Engine: ROLLBACK
2025-07-14 09:30:05,618 [INFO] app.core.logging_config: Session closed
2025-07-14 09:30:05,619 [INFO] uvicorn.access: 172.20.0.1:45562 - "GET /api/tasks HTTP/1.1" 200
2025-07-14 09:33:40,941 [INFO] uvicorn.error: Shutting down
2025-07-14 09:33:41,042 [INFO] uvicorn.error: Waiting for application shutdown.
2025-07-14 09:33:41,042 [INFO] app.core.logging_config: Shutting down application...
2025-07-14 09:33:41,042 [INFO] app.core.logging_config: Closing Redis connection...
2025-07-14 09:33:41,043 [INFO] app.core.logging_config: Disposing database engine...
2025-07-14 09:33:41,048 [INFO] app.core.logging_config: Shutdown completed
2025-07-14 09:33:41,048 [INFO] uvicorn.error: Application shutdown complete.
2025-07-14 09:33:41,048 [INFO] uvicorn.error: Finished server process [7]
2025-07-14 09:33:52,003 [INFO] uvicorn.error: Started server process [8]
2025-07-14 09:33:52,003 [INFO] uvicorn.error: Waiting for application startup.
2025-07-14 09:33:52,003 [INFO] app.core.logging_config: Initializing application...
2025-07-14 09:33:52,004 [INFO] app.core.logging_config: Connecting to Redis...
2025-07-14 09:33:52,009 [INFO] app.core.logging_config: Redis connected successfully
2025-07-14 09:33:52,009 [INFO] app.core.logging_config: Verifying database connection...
2025-07-14 09:33:52,009 [INFO] app.core.logging_config: Session opened
2025-07-14 09:33:52,010 [INFO] app.core.logging_config: Database connection verified
2025-07-14 09:33:52,010 [INFO] uvicorn.error: Application startup complete.
2025-07-14 09:33:52,010 [INFO] app.core.logging_config: Session closed
2025-07-14 09:33:56,973 [INFO] app.core.logging_config: Session opened
2025-07-14 09:33:56,973 [INFO] app.handlers.tasks: Fetching all tasks
2025-07-14 09:33:56,973 [INFO] app.service.task: Fetching all tasks
2025-07-14 09:33:57,009 [INFO] sqlalchemy.engine.Engine: select pg_catalog.version()
2025-07-14 09:33:57,010 [INFO] sqlalchemy.engine.Engine: [raw sql] ()
2025-07-14 09:33:57,012 [INFO] sqlalchemy.engine.Engine: select current_schema()
2025-07-14 09:33:57,012 [INFO] sqlalchemy.engine.Engine: [raw sql] ()
2025-07-14 09:33:57,015 [INFO] sqlalchemy.engine.Engine: show standard_conforming_strings
2025-07-14 09:33:57,015 [INFO] sqlalchemy.engine.Engine: [raw sql] ()
2025-07-14 09:33:57,016 [INFO] sqlalchemy.engine.Engine: BEGIN (implicit)
2025-07-14 09:33:57,020 [INFO] sqlalchemy.engine.Engine: SELECT tasks.name, tasks.pomodoro_count, tasks.category_id, tasks.description, tasks.id, tasks.created_at, tasks.updated_at, tasks.is_deleted 
FROM tasks 
WHERE tasks.is_deleted IS false ORDER BY tasks.created_at DESC
2025-07-14 09:33:57,020 [INFO] sqlalchemy.engine.Engine: [generated in 0.00030s] ()
2025-07-14 09:33:57,023 [INFO] app.service.task: Fetched 3 tasks successfully
2025-07-14 09:33:57,024 [INFO] app.handlers.tasks: Fetched 3 tasks successfully
2025-07-14 09:33:57,024 [INFO] sqlalchemy.engine.Engine: ROLLBACK
2025-07-14 09:33:57,025 [INFO] app.core.logging_config: Session closed
2025-07-14 09:33:57,026 [INFO] uvicorn.access: 172.20.0.1:40782 - "GET /api/tasks HTTP/1.1" 200
2025-07-14 09:34:18,026 [INFO] app.core.logging_config: Session opened
2025-07-14 09:34:18,027 [INFO] app.handlers.tasks: Fetching all tasks
2025-07-14 09:34:18,027 [INFO] app.service.task: Fetching all tasks
2025-07-14 09:34:18,029 [INFO] sqlalchemy.engine.Engine: BEGIN (implicit)
2025-07-14 09:34:18,030 [INFO] sqlalchemy.engine.Engine: SELECT tasks.name, tasks.pomodoro_count, tasks.category_id, tasks.description, tasks.id, tasks.created_at, tasks.updated_at, tasks.is_deleted 
FROM tasks 
WHERE tasks.is_deleted IS false ORDER BY tasks.created_at DESC
2025-07-14 09:34:18,030 [INFO] sqlalchemy.engine.Engine: [cached since 21.01s ago] ()
2025-07-14 09:34:18,032 [INFO] app.service.task: Fetched 3 tasks successfully
2025-07-14 09:34:18,032 [INFO] app.handlers.tasks: Fetched 3 tasks successfully
2025-07-14 09:34:18,033 [INFO] sqlalchemy.engine.Engine: ROLLBACK
2025-07-14 09:34:18,034 [INFO] app.core.logging_config: Session closed
2025-07-14 09:34:18,034 [INFO] uvicorn.access: 172.20.0.1:40178 - "GET /api/tasks HTTP/1.1" 200
2025-07-14 09:34:18,850 [INFO] app.core.logging_config: Session opened
2025-07-14 09:34:18,850 [INFO] app.handlers.tasks: Fetching all tasks
2025-07-14 09:34:18,850 [INFO] app.service.task: Fetching all tasks
2025-07-14 09:34:18,851 [INFO] sqlalchemy.engine.Engine: BEGIN (implicit)
2025-07-14 09:34:18,852 [INFO] sqlalchemy.engine.Engine: SELECT tasks.name, tasks.pomodoro_count, tasks.category_id, tasks.description, tasks.id, tasks.created_at, tasks.updated_at, tasks.is_deleted 
FROM tasks 
WHERE tasks.is_deleted IS false ORDER BY tasks.created_at DESC
2025-07-14 09:34:18,852 [INFO] sqlalchemy.engine.Engine: [cached since 21.83s ago] ()
2025-07-14 09:34:18,853 [INFO] app.service.task: Fetched 3 tasks successfully
2025-07-14 09:34:18,854 [INFO] app.handlers.tasks: Fetched 3 tasks successfully
2025-07-14 09:34:18,854 [INFO] sqlalchemy.engine.Engine: ROLLBACK
2025-07-14 09:34:18,855 [INFO] app.core.logging_config: Session closed
2025-07-14 09:34:18,855 [INFO] uvicorn.access: 172.20.0.1:40178 - "GET /api/tasks HTTP/1.1" 200
2025-07-14 09:34:19,083 [INFO] app.core.logging_config: Session opened
2025-07-14 09:34:19,083 [INFO] app.handlers.tasks: Fetching all tasks
2025-07-14 09:34:19,083 [INFO] app.service.task: Fetching all tasks
2025-07-14 09:34:19,085 [INFO] sqlalchemy.engine.Engine: BEGIN (implicit)
2025-07-14 09:34:19,086 [INFO] sqlalchemy.engine.Engine: SELECT tasks.name, tasks.pomodoro_count, tasks.category_id, tasks.description, tasks.id, tasks.created_at, tasks.updated_at, tasks.is_deleted 
FROM tasks 
WHERE tasks.is_deleted IS false ORDER BY tasks.created_at DESC
2025-07-14 09:34:19,086 [INFO] sqlalchemy.engine.Engine: [cached since 22.07s ago] ()
2025-07-14 09:34:19,088 [INFO] app.service.task: Fetched 3 tasks successfully
2025-07-14 09:34:19,088 [INFO] app.handlers.tasks: Fetched 3 tasks successfully
2025-07-14 09:34:19,088 [INFO] sqlalchemy.engine.Engine: ROLLBACK
2025-07-14 09:34:19,089 [INFO] app.core.logging_config: Session closed
2025-07-14 09:34:19,090 [INFO] uvicorn.access: 172.20.0.1:40178 - "GET /api/tasks HTTP/1.1" 200
2025-07-14 09:34:19,367 [INFO] app.core.logging_config: Session opened
2025-07-14 09:34:19,367 [INFO] app.handlers.tasks: Fetching all tasks
2025-07-14 09:34:19,367 [INFO] app.service.task: Fetching all tasks
2025-07-14 09:34:19,369 [INFO] sqlalchemy.engine.Engine: BEGIN (implicit)
2025-07-14 09:34:19,369 [INFO] sqlalchemy.engine.Engine: SELECT tasks.name, tasks.pomodoro_count, tasks.category_id, tasks.description, tasks.id, tasks.created_at, tasks.updated_at, tasks.is_deleted 
FROM tasks 
WHERE tasks.is_deleted IS false ORDER BY tasks.created_at DESC
2025-07-14 09:34:19,370 [INFO] sqlalchemy.engine.Engine: [cached since 22.35s ago] ()
2025-07-14 09:34:19,371 [INFO] app.service.task: Fetched 3 tasks successfully
2025-07-14 09:34:19,372 [INFO] app.handlers.tasks: Fetched 3 tasks successfully
2025-07-14 09:34:19,372 [INFO] sqlalchemy.engine.Engine: ROLLBACK
2025-07-14 09:34:19,373 [INFO] app.core.logging_config: Session closed
2025-07-14 09:34:19,373 [INFO] uvicorn.access: 172.20.0.1:40178 - "GET /api/tasks HTTP/1.1" 200
2025-07-14 09:34:19,744 [INFO] app.core.logging_config: Session opened
2025-07-14 09:34:19,744 [INFO] app.handlers.tasks: Fetching all tasks
2025-07-14 09:34:19,744 [INFO] app.service.task: Fetching all tasks
2025-07-14 09:34:19,746 [INFO] sqlalchemy.engine.Engine: BEGIN (implicit)
2025-07-14 09:34:19,746 [INFO] sqlalchemy.engine.Engine: SELECT tasks.name, tasks.pomodoro_count, tasks.category_id, tasks.description, tasks.id, tasks.created_at, tasks.updated_at, tasks.is_deleted 
FROM tasks 
WHERE tasks.is_deleted IS false ORDER BY tasks.created_at DESC
2025-07-14 09:34:19,747 [INFO] sqlalchemy.engine.Engine: [cached since 22.73s ago] ()
2025-07-14 09:34:19,748 [INFO] app.service.task: Fetched 3 tasks successfully
2025-07-14 09:34:19,749 [INFO] app.handlers.tasks: Fetched 3 tasks successfully
2025-07-14 09:34:19,749 [INFO] sqlalchemy.engine.Engine: ROLLBACK
2025-07-14 09:34:19,750 [INFO] app.core.logging_config: Session closed
2025-07-14 09:34:19,750 [INFO] uvicorn.access: 172.20.0.1:40178 - "GET /api/tasks HTTP/1.1" 200
2025-07-14 09:34:20,117 [INFO] app.core.logging_config: Session opened
2025-07-14 09:34:20,118 [INFO] app.handlers.tasks: Fetching all tasks
2025-07-14 09:34:20,118 [INFO] app.service.task: Fetching all tasks
2025-07-14 09:34:20,119 [INFO] sqlalchemy.engine.Engine: BEGIN (implicit)
2025-07-14 09:34:20,120 [INFO] sqlalchemy.engine.Engine: SELECT tasks.name, tasks.pomodoro_count, tasks.category_id, tasks.description, tasks.id, tasks.created_at, tasks.updated_at, tasks.is_deleted 
FROM tasks 
WHERE tasks.is_deleted IS false ORDER BY tasks.created_at DESC
2025-07-14 09:34:20,120 [INFO] sqlalchemy.engine.Engine: [cached since 23.1s ago] ()
2025-07-14 09:34:20,121 [INFO] app.service.task: Fetched 3 tasks successfully
2025-07-14 09:34:20,122 [INFO] app.handlers.tasks: Fetched 3 tasks successfully
2025-07-14 09:34:20,122 [INFO] sqlalchemy.engine.Engine: ROLLBACK
2025-07-14 09:34:20,123 [INFO] app.core.logging_config: Session closed
2025-07-14 09:34:20,123 [INFO] uvicorn.access: 172.20.0.1:40178 - "GET /api/tasks HTTP/1.1" 200
2025-07-14 09:34:20,455 [INFO] app.core.logging_config: Session opened
2025-07-14 09:34:20,455 [INFO] app.handlers.tasks: Fetching all tasks
2025-07-14 09:34:20,455 [INFO] app.service.task: Fetching all tasks
2025-07-14 09:34:20,457 [INFO] sqlalchemy.engine.Engine: BEGIN (implicit)
2025-07-14 09:34:20,457 [INFO] sqlalchemy.engine.Engine: SELECT tasks.name, tasks.pomodoro_count, tasks.category_id, tasks.description, tasks.id, tasks.created_at, tasks.updated_at, tasks.is_deleted 
FROM tasks 
WHERE tasks.is_deleted IS false ORDER BY tasks.created_at DESC
2025-07-14 09:34:20,458 [INFO] sqlalchemy.engine.Engine: [cached since 23.44s ago] ()
2025-07-14 09:34:20,459 [INFO] app.service.task: Fetched 3 tasks successfully
2025-07-14 09:34:20,460 [INFO] app.handlers.tasks: Fetched 3 tasks successfully
2025-07-14 09:34:20,461 [INFO] sqlalchemy.engine.Engine: ROLLBACK
2025-07-14 09:34:20,461 [INFO] app.core.logging_config: Session closed
2025-07-14 09:34:20,462 [INFO] uvicorn.access: 172.20.0.1:40178 - "GET /api/tasks HTTP/1.1" 200
2025-07-14 09:35:03,137 [INFO] app.core.logging_config: Session opened
2025-07-14 09:35:03,137 [INFO] app.handlers.tasks: Fetching all tasks
2025-07-14 09:35:03,137 [INFO] app.service.task: Fetching all tasks
2025-07-14 09:35:03,138 [INFO] sqlalchemy.engine.Engine: BEGIN (implicit)
2025-07-14 09:35:03,139 [INFO] sqlalchemy.engine.Engine: SELECT tasks.name, tasks.pomodoro_count, tasks.category_id, tasks.description, tasks.id, tasks.created_at, tasks.updated_at, tasks.is_deleted 
FROM tasks 
WHERE tasks.is_deleted IS false ORDER BY tasks.created_at DESC
2025-07-14 09:35:03,140 [INFO] sqlalchemy.engine.Engine: [cached since 66.12s ago] ()
2025-07-14 09:35:03,141 [INFO] app.service.task: Fetched 3 tasks successfully
2025-07-14 09:35:03,142 [INFO] app.handlers.tasks: Fetched 3 tasks successfully
2025-07-14 09:35:03,142 [INFO] sqlalchemy.engine.Engine: ROLLBACK
2025-07-14 09:35:03,143 [INFO] app.core.logging_config: Session closed
2025-07-14 09:35:03,144 [INFO] uvicorn.access: 172.20.0.1:59892 - "GET /api/tasks HTTP/1.1" 200
2025-07-14 09:35:17,272 [INFO] app.core.logging_config: Session opened
2025-07-14 09:35:17,272 [INFO] app.handlers.tasks: Fetching all tasks
2025-07-14 09:35:17,272 [INFO] app.service.task: Fetching all tasks
2025-07-14 09:35:17,274 [INFO] sqlalchemy.engine.Engine: BEGIN (implicit)
2025-07-14 09:35:17,274 [INFO] sqlalchemy.engine.Engine: SELECT tasks.name, tasks.pomodoro_count, tasks.category_id, tasks.description, tasks.id, tasks.created_at, tasks.updated_at, tasks.is_deleted 
FROM tasks 
WHERE tasks.is_deleted IS false ORDER BY tasks.created_at DESC
2025-07-14 09:35:17,275 [INFO] sqlalchemy.engine.Engine: [cached since 80.25s ago] ()
2025-07-14 09:35:17,277 [INFO] app.service.task: Fetched 3 tasks successfully
2025-07-14 09:35:17,277 [INFO] app.handlers.tasks: Fetched 3 tasks successfully
2025-07-14 09:35:17,278 [INFO] sqlalchemy.engine.Engine: ROLLBACK
2025-07-14 09:35:17,278 [INFO] app.core.logging_config: Session closed
2025-07-14 09:35:17,279 [INFO] uvicorn.access: 172.20.0.1:35640 - "GET /api/tasks HTTP/1.1" 200
2025-07-14 09:35:30,753 [INFO] app.core.logging_config: Session opened
2025-07-14 09:35:30,754 [INFO] app.handlers.tasks: Fetching all tasks
2025-07-14 09:35:30,754 [INFO] app.service.task: Fetching all tasks
2025-07-14 09:35:30,755 [INFO] sqlalchemy.engine.Engine: BEGIN (implicit)
2025-07-14 09:35:30,756 [INFO] sqlalchemy.engine.Engine: SELECT tasks.name, tasks.pomodoro_count, tasks.category_id, tasks.description, tasks.id, tasks.created_at, tasks.updated_at, tasks.is_deleted 
FROM tasks 
WHERE tasks.is_deleted IS false ORDER BY tasks.created_at DESC
2025-07-14 09:35:30,756 [INFO] sqlalchemy.engine.Engine: [cached since 93.74s ago] ()
2025-07-14 09:35:30,757 [INFO] app.service.task: Fetched 3 tasks successfully
2025-07-14 09:35:30,757 [INFO] app.handlers.tasks: Fetched 3 tasks successfully
2025-07-14 09:35:30,757 [INFO] sqlalchemy.engine.Engine: ROLLBACK
2025-07-14 09:35:30,758 [INFO] app.core.logging_config: Session closed
2025-07-14 09:35:30,758 [INFO] uvicorn.access: 172.20.0.1:35404 - "GET /api/tasks HTTP/1.1" 200
2025-07-14 09:35:48,179 [INFO] app.core.logging_config: Session opened
2025-07-14 09:35:48,180 [INFO] app.handlers.tasks: Fetching all tasks
2025-07-14 09:35:48,180 [INFO] app.service.task: Fetching all tasks
2025-07-14 09:35:48,182 [INFO] sqlalchemy.engine.Engine: BEGIN (implicit)
2025-07-14 09:35:48,183 [INFO] sqlalchemy.engine.Engine: SELECT tasks.name, tasks.pomodoro_count, tasks.category_id, tasks.description, tasks.id, tasks.created_at, tasks.updated_at, tasks.is_deleted 
FROM tasks 
WHERE tasks.is_deleted IS false ORDER BY tasks.created_at DESC
2025-07-14 09:35:48,183 [INFO] sqlalchemy.engine.Engine: [cached since 111.2s ago] ()
2025-07-14 09:35:48,185 [INFO] app.service.task: Fetched 2 tasks successfully
2025-07-14 09:35:48,185 [INFO] app.handlers.tasks: Fetched 2 tasks successfully
2025-07-14 09:35:48,186 [INFO] sqlalchemy.engine.Engine: ROLLBACK
2025-07-14 09:35:48,186 [INFO] app.core.logging_config: Session closed
2025-07-14 09:35:48,187 [INFO] uvicorn.access: 172.20.0.1:34976 - "GET /api/tasks HTTP/1.1" 200
2025-07-14 09:35:55,658 [INFO] app.core.logging_config: Session opened
2025-07-14 09:35:55,658 [INFO] app.handlers.tasks: Fetching all tasks
2025-07-14 09:35:55,658 [INFO] app.service.task: Fetching all tasks
2025-07-14 09:35:55,660 [INFO] sqlalchemy.engine.Engine: BEGIN (implicit)
2025-07-14 09:35:55,660 [INFO] sqlalchemy.engine.Engine: SELECT tasks.name, tasks.pomodoro_count, tasks.category_id, tasks.description, tasks.id, tasks.created_at, tasks.updated_at, tasks.is_deleted 
FROM tasks 
WHERE tasks.is_deleted IS false ORDER BY tasks.created_at DESC
2025-07-14 09:35:55,661 [INFO] sqlalchemy.engine.Engine: [cached since 118.6s ago] ()
2025-07-14 09:35:55,663 [INFO] app.service.task: Fetched 2 tasks successfully
2025-07-14 09:35:55,663 [INFO] app.handlers.tasks: Fetched 2 tasks successfully
2025-07-14 09:35:55,664 [INFO] sqlalchemy.engine.Engine: ROLLBACK
2025-07-14 09:35:55,665 [INFO] app.core.logging_config: Session closed
2025-07-14 09:35:55,665 [INFO] uvicorn.access: 172.20.0.1:34992 - "GET /api/tasks HTTP/1.1" 200
2025-07-14 09:35:56,563 [INFO] app.core.logging_config: Session opened
2025-07-14 09:35:56,563 [INFO] app.handlers.tasks: Fetching all tasks
2025-07-14 09:35:56,563 [INFO] app.service.task: Fetching all tasks
2025-07-14 09:35:56,565 [INFO] sqlalchemy.engine.Engine: BEGIN (implicit)
2025-07-14 09:35:56,566 [INFO] sqlalchemy.engine.Engine: SELECT tasks.name, tasks.pomodoro_count, tasks.category_id, tasks.description, tasks.id, tasks.created_at, tasks.updated_at, tasks.is_deleted 
FROM tasks 
WHERE tasks.is_deleted IS false ORDER BY tasks.created_at DESC
2025-07-14 09:35:56,566 [INFO] sqlalchemy.engine.Engine: [cached since 119.5s ago] ()
2025-07-14 09:35:56,567 [INFO] app.service.task: Fetched 2 tasks successfully
2025-07-14 09:35:56,568 [INFO] app.handlers.tasks: Fetched 2 tasks successfully
2025-07-14 09:35:56,568 [INFO] sqlalchemy.engine.Engine: ROLLBACK
2025-07-14 09:35:56,569 [INFO] app.core.logging_config: Session closed
2025-07-14 09:35:56,569 [INFO] uvicorn.access: 172.20.0.1:34992 - "GET /api/tasks HTTP/1.1" 200
2025-07-14 09:35:57,190 [INFO] app.core.logging_config: Session opened
2025-07-14 09:35:57,190 [INFO] app.handlers.tasks: Fetching all tasks
2025-07-14 09:35:57,190 [INFO] app.service.task: Fetching all tasks
2025-07-14 09:35:57,192 [INFO] sqlalchemy.engine.Engine: BEGIN (implicit)
2025-07-14 09:35:57,193 [INFO] sqlalchemy.engine.Engine: SELECT tasks.name, tasks.pomodoro_count, tasks.category_id, tasks.description, tasks.id, tasks.created_at, tasks.updated_at, tasks.is_deleted 
FROM tasks 
WHERE tasks.is_deleted IS false ORDER BY tasks.created_at DESC
2025-07-14 09:35:57,193 [INFO] sqlalchemy.engine.Engine: [cached since 120.2s ago] ()
2025-07-14 09:35:57,194 [INFO] app.service.task: Fetched 2 tasks successfully
2025-07-14 09:35:57,195 [INFO] app.handlers.tasks: Fetched 2 tasks successfully
2025-07-14 09:35:57,195 [INFO] sqlalchemy.engine.Engine: ROLLBACK
2025-07-14 09:35:57,196 [INFO] app.core.logging_config: Session closed
2025-07-14 09:35:57,196 [INFO] uvicorn.access: 172.20.0.1:34992 - "GET /api/tasks HTTP/1.1" 200
2025-07-14 09:35:57,546 [INFO] app.core.logging_config: Session opened
2025-07-14 09:35:57,546 [INFO] app.handlers.tasks: Fetching all tasks
2025-07-14 09:35:57,547 [INFO] app.service.task: Fetching all tasks
2025-07-14 09:35:57,548 [INFO] sqlalchemy.engine.Engine: BEGIN (implicit)
2025-07-14 09:35:57,549 [INFO] sqlalchemy.engine.Engine: SELECT tasks.name, tasks.pomodoro_count, tasks.category_id, tasks.description, tasks.id, tasks.created_at, tasks.updated_at, tasks.is_deleted 
FROM tasks 
WHERE tasks.is_deleted IS false ORDER BY tasks.created_at DESC
2025-07-14 09:35:57,549 [INFO] sqlalchemy.engine.Engine: [cached since 120.5s ago] ()
2025-07-14 09:35:57,551 [INFO] app.service.task: Fetched 2 tasks successfully
2025-07-14 09:35:57,551 [INFO] app.handlers.tasks: Fetched 2 tasks successfully
2025-07-14 09:35:57,552 [INFO] sqlalchemy.engine.Engine: ROLLBACK
2025-07-14 09:35:57,553 [INFO] app.core.logging_config: Session closed
2025-07-14 09:35:57,553 [INFO] uvicorn.access: 172.20.0.1:34992 - "GET /api/tasks HTTP/1.1" 200
2025-07-14 09:36:06,425 [INFO] app.core.logging_config: Session opened
2025-07-14 09:36:06,425 [INFO] app.handlers.tasks: Fetching all tasks
2025-07-14 09:36:06,425 [INFO] app.service.task: Fetching all tasks
2025-07-14 09:36:06,427 [INFO] sqlalchemy.engine.Engine: BEGIN (implicit)
2025-07-14 09:36:06,427 [INFO] sqlalchemy.engine.Engine: SELECT tasks.name, tasks.pomodoro_count, tasks.category_id, tasks.description, tasks.id, tasks.created_at, tasks.updated_at, tasks.is_deleted 
FROM tasks 
WHERE tasks.is_deleted IS false ORDER BY tasks.created_at DESC
2025-07-14 09:36:06,427 [INFO] sqlalchemy.engine.Engine: [cached since 129.4s ago] ()
2025-07-14 09:36:06,429 [INFO] app.service.task: Fetched 3 tasks successfully
2025-07-14 09:36:06,429 [INFO] app.handlers.tasks: Fetched 3 tasks successfully
2025-07-14 09:36:06,430 [INFO] sqlalchemy.engine.Engine: ROLLBACK
2025-07-14 09:36:06,431 [INFO] app.core.logging_config: Session closed
2025-07-14 09:36:06,431 [INFO] uvicorn.access: 172.20.0.1:52884 - "GET /api/tasks HTTP/1.1" 200
2025-07-14 09:51:42,266 [INFO] app.core.logging_config: Session opened
2025-07-14 09:51:42,266 [INFO] app.handlers.tasks: Fetching all tasks
2025-07-14 09:51:42,266 [INFO] app.service.task: Fetching all tasks
2025-07-14 09:51:42,268 [INFO] sqlalchemy.engine.Engine: BEGIN (implicit)
2025-07-14 09:51:42,268 [INFO] sqlalchemy.engine.Engine: SELECT tasks.name, tasks.pomodoro_count, tasks.category_id, tasks.description, tasks.id, tasks.created_at, tasks.updated_at, tasks.is_deleted 
FROM tasks 
WHERE tasks.is_deleted IS false ORDER BY tasks.created_at DESC
2025-07-14 09:51:42,269 [INFO] sqlalchemy.engine.Engine: [cached since 1065s ago] ()
2025-07-14 09:51:42,269 [INFO] app.service.task: Fetched 3 tasks successfully
2025-07-14 09:51:42,270 [INFO] app.handlers.tasks: Fetched 3 tasks successfully
2025-07-14 09:51:42,270 [INFO] sqlalchemy.engine.Engine: ROLLBACK
2025-07-14 09:51:42,271 [INFO] app.core.logging_config: Session closed
2025-07-14 09:51:42,271 [INFO] uvicorn.access: 172.20.0.1:56396 - "GET /api/tasks HTTP/1.1" 200
2025-07-14 09:51:42,791 [INFO] app.core.logging_config: Session opened
2025-07-14 09:51:42,792 [INFO] app.handlers.tasks: Fetching all tasks
2025-07-14 09:51:42,792 [INFO] app.service.task: Fetching all tasks
2025-07-14 09:51:42,793 [INFO] sqlalchemy.engine.Engine: BEGIN (implicit)
2025-07-14 09:51:42,793 [INFO] sqlalchemy.engine.Engine: SELECT tasks.name, tasks.pomodoro_count, tasks.category_id, tasks.description, tasks.id, tasks.created_at, tasks.updated_at, tasks.is_deleted 
FROM tasks 
WHERE tasks.is_deleted IS false ORDER BY tasks.created_at DESC
2025-07-14 09:51:42,794 [INFO] sqlalchemy.engine.Engine: [cached since 1066s ago] ()
2025-07-14 09:51:42,795 [INFO] app.service.task: Fetched 3 tasks successfully
2025-07-14 09:51:42,795 [INFO] app.handlers.tasks: Fetched 3 tasks successfully
2025-07-14 09:51:42,796 [INFO] sqlalchemy.engine.Engine: ROLLBACK
2025-07-14 09:51:42,796 [INFO] app.core.logging_config: Session closed
2025-07-14 09:51:42,796 [INFO] uvicorn.access: 172.20.0.1:56396 - "GET /api/tasks HTTP/1.1" 200
2025-07-14 09:51:43,033 [INFO] app.core.logging_config: Session opened
2025-07-14 09:51:43,034 [INFO] app.handlers.tasks: Fetching all tasks
2025-07-14 09:51:43,034 [INFO] app.service.task: Fetching all tasks
2025-07-14 09:51:43,035 [INFO] sqlalchemy.engine.Engine: BEGIN (implicit)
2025-07-14 09:51:43,035 [INFO] sqlalchemy.engine.Engine: SELECT tasks.name, tasks.pomodoro_count, tasks.category_id, tasks.description, tasks.id, tasks.created_at, tasks.updated_at, tasks.is_deleted 
FROM tasks 
WHERE tasks.is_deleted IS false ORDER BY tasks.created_at DESC
2025-07-14 09:51:43,035 [INFO] sqlalchemy.engine.Engine: [cached since 1066s ago] ()
2025-07-14 09:51:43,036 [INFO] app.service.task: Fetched 3 tasks successfully
2025-07-14 09:51:43,037 [INFO] app.handlers.tasks: Fetched 3 tasks successfully
2025-07-14 09:51:43,037 [INFO] sqlalchemy.engine.Engine: ROLLBACK
2025-07-14 09:51:43,038 [INFO] app.core.logging_config: Session closed
2025-07-14 09:51:43,038 [INFO] uvicorn.access: 172.20.0.1:56396 - "GET /api/tasks HTTP/1.1" 200
